MissingPets/app/build/intermediates/manifest_merge_blame_file/debug/manifest-merger-blame-debug-report.txt
1<?xml version="1.0" encoding="utf-8"?>
2<manifest xmlns:android="http://schemas.android.com/apk/res/android"
3    package="com.example.missingpets"
4    android:versionCode="1"
5    android:versionName="1.0" >
6
7    <uses-sdk
8        android:minSdkVersion="28"
9        android:targetSdkVersion="33" />
10
11    <uses-permission android:name="android.permission.CAMERA" />
11-->src\main\AndroidManifest.xml:5:5-64
11-->src\main\AndroidManifest.xml:5:22-62
12
13    <uses-feature android:name="android.hardware.camera.any" />
13-->src\main\AndroidManifest.xml:6:5-63
13-->src\main\AndroidManifest.xml:6:19-61
14
15    <uses-permission android:name="android.permission.INTERNET" />
15-->src\main\AndroidManifest.xml:8:5-67
15-->src\main\AndroidManifest.xml:8:22-64
16    <uses-permission android:name="android.permission.ACCESS_COARSE_LOCATION" />
16-->src\main\AndroidManifest.xml:9:5-81
16-->src\main\AndroidManifest.xml:9:22-78
17    <uses-permission android:name="android.permission.ACCESS_FINE_LOCATION" />
17-->src\main\AndroidManifest.xml:10:5-78
17-->src\main\AndroidManifest.xml:10:22-76
18    <uses-permission android:name="android.permission.ACCESS_NETWORK_STATE" />
18-->src\main\AndroidManifest.xml:11:5-80
18-->src\main\AndroidManifest.xml:11:22-76
19    <uses-permission android:name="android.permission.READ_EXTERNAL_STORAGE" />
19-->src\main\AndroidManifest.xml:12:5-137
19-->src\main\AndroidManifest.xml:12:22-77
20    <uses-permission android:name="android.permission.WRITE_EXTERNAL_STORAGE" />
20-->src\main\AndroidManifest.xml:13:5-138
20-->src\main\AndroidManifest.xml:13:22-78
21    <uses-permission android:name="android.permission.READ_MEDIA_IMAGES" />
21-->src\main\AndroidManifest.xml:14:5-133
21-->src\main\AndroidManifest.xml:14:22-73
22
23    <uses-feature android:name="android.hardware.sensor.accelerometer" />
23-->src\main\AndroidManifest.xml:16:5-74
23-->src\main\AndroidManifest.xml:16:19-71
24    <uses-feature android:name="android.hardware.sensor.compass" />
24-->src\main\AndroidManifest.xml:17:5-68
24-->src\main\AndroidManifest.xml:17:19-65
25    <uses-feature
25-->[com.google.android.gms:play-services-maps:18.2.0] AndroidManifest.xml:26:5-28:35
26        android:glEsVersion="0x00020000"
26-->[com.google.android.gms:play-services-maps:18.2.0] AndroidManifest.xml:27:9-41
27        android:required="true" />
27-->[com.google.android.gms:play-services-maps:18.2.0] AndroidManifest.xml:28:9-32
28
29    <queries>
29-->[com.google.android.gms:play-services-maps:18.2.0] AndroidManifest.xml:30:5-34:15
30
31        <!-- Needs to be explicitly declared on Android R+ -->
32        <package android:name="com.google.android.apps.maps" />
32-->[com.google.android.gms:play-services-maps:18.2.0] AndroidManifest.xml:33:9-64
32-->[com.google.android.gms:play-services-maps:18.2.0] AndroidManifest.xml:33:18-61
33    </queries>
34
35    <permission
35-->[androidx.core:core:1.10.0] AndroidManifest.xml:22:5-24:47
36        android:name="com.example.missingpets.DYNAMIC_RECEIVER_NOT_EXPORTED_PERMISSION"
36-->[androidx.core:core:1.10.0] AndroidManifest.xml:23:9-81
37        android:protectionLevel="signature" />
37-->[androidx.core:core:1.10.0] AndroidManifest.xml:24:9-44
38
39    <uses-permission android:name="com.example.missingpets.DYNAMIC_RECEIVER_NOT_EXPORTED_PERMISSION" />
39-->[androidx.core:core:1.10.0] AndroidManifest.xml:26:5-97
39-->[androidx.core:core:1.10.0] AndroidManifest.xml:26:22-94
40
41    <supports-screens
41-->[org.osmdroid:osmdroid-android:6.1.18] AndroidManifest.xml:9:5-12:40
42        android:anyDensity="true"
42-->[org.osmdroid:osmdroid-android:6.1.18] AndroidManifest.xml:10:9-34
43        android:largeScreens="true"
43-->[org.osmdroid:osmdroid-android:6.1.18] AndroidManifest.xml:11:9-36
44        android:normalScreens="true" />
44-->[org.osmdroid:osmdroid-android:6.1.18] AndroidManifest.xml:12:9-37
45
46    <uses-feature
46-->[org.osmdroid:osmdroid-android:6.1.18] AndroidManifest.xml:14:5-16:36
47        android:name="android.hardware.location.network"
47-->[org.osmdroid:osmdroid-android:6.1.18] AndroidManifest.xml:15:9-57
48        android:required="false" />
48-->[org.osmdroid:osmdroid-android:6.1.18] AndroidManifest.xml:16:9-33
49    <uses-feature
49-->[org.osmdroid:osmdroid-android:6.1.18] AndroidManifest.xml:17:5-19:36
50        android:name="android.hardware.location.gps"
50-->[org.osmdroid:osmdroid-android:6.1.18] AndroidManifest.xml:18:9-53
51        android:required="false" />
51-->[org.osmdroid:osmdroid-android:6.1.18] AndroidManifest.xml:19:9-33
52    <uses-feature
52-->[org.osmdroid:osmdroid-android:6.1.18] AndroidManifest.xml:20:5-22:36
53        android:name="android.hardware.telephony"
53-->[org.osmdroid:osmdroid-android:6.1.18] AndroidManifest.xml:21:9-50
54        android:required="false" />
54-->[org.osmdroid:osmdroid-android:6.1.18] AndroidManifest.xml:22:9-33
55    <uses-feature
55-->[org.osmdroid:osmdroid-android:6.1.18] AndroidManifest.xml:23:5-25:36
56        android:name="android.hardware.wifi"
56-->[org.osmdroid:osmdroid-android:6.1.18] AndroidManifest.xml:24:9-45
57        android:required="false" />
57-->[org.osmdroid:osmdroid-android:6.1.18] AndroidManifest.xml:25:9-33
58
59    <application
59-->src\main\AndroidManifest.xml:19:5-52:19
60        android:allowBackup="true"
60-->src\main\AndroidManifest.xml:20:9-35
61        android:appComponentFactory="androidx.core.app.CoreComponentFactory"
61-->[androidx.core:core:1.10.0] AndroidManifest.xml:28:18-86
62        android:dataExtractionRules="@xml/data_extraction_rules"
62-->src\main\AndroidManifest.xml:21:9-65
63        android:debuggable="true"
64        android:extractNativeLibs="false"
65        android:fullBackupContent="@xml/backup_rules"
65-->src\main\AndroidManifest.xml:22:9-54
66        android:icon="@mipmap/ic_launcher"
66-->src\main\AndroidManifest.xml:23:9-43
67        android:label="@string/app_name"
67-->src\main\AndroidManifest.xml:24:9-41
68        android:roundIcon="@mipmap/ic_launcher_round"
68-->src\main\AndroidManifest.xml:25:9-54
69        android:supportsRtl="true"
69-->src\main\AndroidManifest.xml:26:9-35
70        android:testOnly="true"
71        android:theme="@style/Theme.MissingPets" >
71-->src\main\AndroidManifest.xml:27:9-49
72        <activity
72-->src\main\AndroidManifest.xml:29:9-38:20
73            android:name="com.example.missingpets.MainActivity"
73-->src\main\AndroidManifest.xml:30:13-41
74            android:exported="true"
74-->src\main\AndroidManifest.xml:31:13-36
75            android:label="@string/app_name"
75-->src\main\AndroidManifest.xml:32:13-45
76            android:theme="@style/Theme.MissingPets" >
76-->src\main\AndroidManifest.xml:33:13-53
77            <intent-filter>
77-->src\main\AndroidManifest.xml:34:13-37:29
78                <action android:name="android.intent.action.MAIN" />
78-->src\main\AndroidManifest.xml:35:17-69
78-->src\main\AndroidManifest.xml:35:25-66
79
80                <category android:name="android.intent.category.LAUNCHER" />
80-->src\main\AndroidManifest.xml:36:17-77
80-->src\main\AndroidManifest.xml:36:27-74
81            </intent-filter>
82        </activity>
83        <activity android:name="com.example.missingpets.CameraActivity" >
83-->src\main\AndroidManifest.xml:40:9-41:20
83-->src\main\AndroidManifest.xml:40:19-49
84        </activity>
85        <activity android:name="com.example.missingpets.CreatePostActivity" >
85-->src\main\AndroidManifest.xml:43:9-44:20
85-->src\main\AndroidManifest.xml:43:19-53
86        </activity>
87        <activity android:name="com.example.missingpets.ScanActivity" >
87-->src\main\AndroidManifest.xml:46:9-47:20
87-->src\main\AndroidManifest.xml:46:19-47
88        </activity>
89        <activity android:name="com.example.missingpets.NavigationActivity" >
89-->src\main\AndroidManifest.xml:49:9-50:20
89-->src\main\AndroidManifest.xml:49:19-53
90        </activity>
91
92        <service
92-->[androidx.camera:camera-camera2:1.3.1] AndroidManifest.xml:24:9-33:19
93            android:name="androidx.camera.core.impl.MetadataHolderService"
93-->[androidx.camera:camera-camera2:1.3.1] AndroidManifest.xml:25:13-75
94            android:enabled="false"
94-->[androidx.camera:camera-camera2:1.3.1] AndroidManifest.xml:26:13-36
95            android:exported="false" >
95-->[androidx.camera:camera-camera2:1.3.1] AndroidManifest.xml:27:13-37
96            <meta-data
96-->[androidx.camera:camera-camera2:1.3.1] AndroidManifest.xml:30:13-32:89
97                android:name="androidx.camera.core.impl.MetadataHolderService.DEFAULT_CONFIG_PROVIDER"
97-->[androidx.camera:camera-camera2:1.3.1] AndroidManifest.xml:31:17-103
98                android:value="androidx.camera.camera2.Camera2Config$DefaultProvider" />
98-->[androidx.camera:camera-camera2:1.3.1] AndroidManifest.xml:32:17-86
99        </service> <!-- Needs to be explicitly declared on P+ -->
100        <uses-library
100-->[com.google.android.gms:play-services-maps:18.2.0] AndroidManifest.xml:39:9-41:40
101            android:name="org.apache.http.legacy"
101-->[com.google.android.gms:play-services-maps:18.2.0] AndroidManifest.xml:40:13-50
102            android:required="false" />
102-->[com.google.android.gms:play-services-maps:18.2.0] AndroidManifest.xml:41:13-37
103
104        <activity
104-->[com.google.android.gms:play-services-base:18.1.0] AndroidManifest.xml:20:9-22:45
105            android:name="com.google.android.gms.common.api.GoogleApiActivity"
105-->[com.google.android.gms:play-services-base:18.1.0] AndroidManifest.xml:20:19-85
106            android:exported="false"
106-->[com.google.android.gms:play-services-base:18.1.0] AndroidManifest.xml:22:19-43
107            android:theme="@android:style/Theme.Translucent.NoTitleBar" />
107-->[com.google.android.gms:play-services-base:18.1.0] AndroidManifest.xml:21:19-78
108
109        <meta-data
109-->[com.google.android.gms:play-services-basement:18.1.0] AndroidManifest.xml:21:9-23:69
110            android:name="com.google.android.gms.version"
110-->[com.google.android.gms:play-services-basement:18.1.0] AndroidManifest.xml:22:13-58
111            android:value="@integer/google_play_services_version" />
111-->[com.google.android.gms:play-services-basement:18.1.0] AndroidManifest.xml:23:13-66
112
113        <activity
113-->[androidx.compose.ui:ui-test-manifest:1.5.1] AndroidManifest.xml:23:9-25:39
114            android:name="androidx.activity.ComponentActivity"
114-->[androidx.compose.ui:ui-test-manifest:1.5.1] AndroidManifest.xml:24:13-63
115            android:exported="true" />
115-->[androidx.compose.ui:ui-test-manifest:1.5.1] AndroidManifest.xml:25:13-36
116
117        <provider
117-->[androidx.emoji2:emoji2:1.4.0] AndroidManifest.xml:24:9-32:20
118            android:name="androidx.startup.InitializationProvider"
118-->[androidx.emoji2:emoji2:1.4.0] AndroidManifest.xml:25:13-67
119            android:authorities="com.example.missingpets.androidx-startup"
119-->[androidx.emoji2:emoji2:1.4.0] AndroidManifest.xml:26:13-68
120            android:exported="false" >
120-->[androidx.emoji2:emoji2:1.4.0] AndroidManifest.xml:27:13-37
121            <meta-data
121-->[androidx.emoji2:emoji2:1.4.0] AndroidManifest.xml:29:13-31:52
122                android:name="androidx.emoji2.text.EmojiCompatInitializer"
122-->[androidx.emoji2:emoji2:1.4.0] AndroidManifest.xml:30:17-75
123                android:value="androidx.startup" />
123-->[androidx.emoji2:emoji2:1.4.0] AndroidManifest.xml:31:17-49
124            <meta-data
124-->[androidx.lifecycle:lifecycle-process:2.7.0] AndroidManifest.xml:29:13-31:52
125                android:name="androidx.lifecycle.ProcessLifecycleInitializer"
125-->[androidx.lifecycle:lifecycle-process:2.7.0] AndroidManifest.xml:30:17-78
126                android:value="androidx.startup" />
126-->[androidx.lifecycle:lifecycle-process:2.7.0] AndroidManifest.xml:31:17-49
127            <meta-data
127-->[androidx.profileinstaller:profileinstaller:1.3.0] AndroidManifest.xml:29:13-31:52
128                android:name="androidx.profileinstaller.ProfileInstallerInitializer"
128-->[androidx.profileinstaller:profileinstaller:1.3.0] AndroidManifest.xml:30:17-85
129                android:value="androidx.startup" />
129-->[androidx.profileinstaller:profileinstaller:1.3.0] AndroidManifest.xml:31:17-49
130        </provider>
131
132        <activity
132-->[androidx.compose.ui:ui-tooling-android:1.5.1] AndroidManifest.xml:23:9-25:39
133            android:name="androidx.compose.ui.tooling.PreviewActivity"
133-->[androidx.compose.ui:ui-tooling-android:1.5.1] AndroidManifest.xml:24:13-71
134            android:exported="true" />
134-->[androidx.compose.ui:ui-tooling-android:1.5.1] AndroidManifest.xml:25:13-36
135
136        <uses-library
136-->[androidx.window:window:1.0.0] AndroidManifest.xml:25:9-27:40
137            android:name="androidx.window.extensions"
137-->[androidx.window:window:1.0.0] AndroidManifest.xml:26:13-54
138            android:required="false" />
138-->[androidx.window:window:1.0.0] AndroidManifest.xml:27:13-37
139        <uses-library
139-->[androidx.window:window:1.0.0] AndroidManifest.xml:28:9-30:40
140            android:name="androidx.window.sidecar"
140-->[androidx.window:window:1.0.0] AndroidManifest.xml:29:13-51
141            android:required="false" />
141-->[androidx.window:window:1.0.0] AndroidManifest.xml:30:13-37
142
143        <receiver
143-->[androidx.profileinstaller:profileinstaller:1.3.0] AndroidManifest.xml:34:9-52:20
144            android:name="androidx.profileinstaller.ProfileInstallReceiver"
144-->[androidx.profileinstaller:profileinstaller:1.3.0] AndroidManifest.xml:35:13-76
145            android:directBootAware="false"
145-->[androidx.profileinstaller:profileinstaller:1.3.0] AndroidManifest.xml:36:13-44
146            android:enabled="true"
146-->[androidx.profileinstaller:profileinstaller:1.3.0] AndroidManifest.xml:37:13-35
147            android:exported="true"
147-->[androidx.profileinstaller:profileinstaller:1.3.0] AndroidManifest.xml:38:13-36
148            android:permission="android.permission.DUMP" >
148-->[androidx.profileinstaller:profileinstaller:1.3.0] AndroidManifest.xml:39:13-57
149            <intent-filter>
149-->[androidx.profileinstaller:profileinstaller:1.3.0] AndroidManifest.xml:40:13-42:29
150                <action android:name="androidx.profileinstaller.action.INSTALL_PROFILE" />
150-->[androidx.profileinstaller:profileinstaller:1.3.0] AndroidManifest.xml:41:17-91
150-->[androidx.profileinstaller:profileinstaller:1.3.0] AndroidManifest.xml:41:25-88
151            </intent-filter>
152            <intent-filter>
152-->[androidx.profileinstaller:profileinstaller:1.3.0] AndroidManifest.xml:43:13-45:29
153                <action android:name="androidx.profileinstaller.action.SKIP_FILE" />
153-->[androidx.profileinstaller:profileinstaller:1.3.0] AndroidManifest.xml:44:17-85
153-->[androidx.profileinstaller:profileinstaller:1.3.0] AndroidManifest.xml:44:25-82
154            </intent-filter>
155            <intent-filter>
155-->[androidx.profileinstaller:profileinstaller:1.3.0] AndroidManifest.xml:46:13-48:29
156                <action android:name="androidx.profileinstaller.action.SAVE_PROFILE" />
156-->[androidx.profileinstaller:profileinstaller:1.3.0] AndroidManifest.xml:47:17-88
156-->[androidx.profileinstaller:profileinstaller:1.3.0] AndroidManifest.xml:47:25-85
157            </intent-filter>
158            <intent-filter>
158-->[androidx.profileinstaller:profileinstaller:1.3.0] AndroidManifest.xml:49:13-51:29
159                <action android:name="androidx.profileinstaller.action.BENCHMARK_OPERATION" />
159-->[androidx.profileinstaller:profileinstaller:1.3.0] AndroidManifest.xml:50:17-95
159-->[androidx.profileinstaller:profileinstaller:1.3.0] AndroidManifest.xml:50:25-92
160            </intent-filter>
161        </receiver> <!-- The activities will be merged into the manifest of the hosting app. -->
162        <activity
162-->[com.google.android.play:core-common:2.0.2] AndroidManifest.xml:14:9-18:65
163            android:name="com.google.android.play.core.common.PlayCoreDialogWrapperActivity"
163-->[com.google.android.play:core-common:2.0.2] AndroidManifest.xml:15:13-93
164            android:exported="false"
164-->[com.google.android.play:core-common:2.0.2] AndroidManifest.xml:16:13-37
165            android:stateNotNeeded="true"
165-->[com.google.android.play:core-common:2.0.2] AndroidManifest.xml:17:13-42
166            android:theme="@style/Theme.PlayCore.Transparent" />
166-->[com.google.android.play:core-common:2.0.2] AndroidManifest.xml:18:13-62
167    </application>
168
169</manifest>